0 info it worked if it ends with ok
1 verbose cli [ '/usr/bin/node', '/usr/bin/npm', 'install', '-g', 'flow-bin' ]
2 info using npm@3.5.2
3 info using node@v8.10.0
4 silly loadCurrentTree Starting
5 silly install loadCurrentTree
6 silly install readGlobalPackageData
7 silly fetchPackageMetaData flow-bin
8 silly fetchNamedPackageData flow-bin
9 silly mapToRegistry name flow-bin
10 silly mapToRegistry using default registry
11 silly mapToRegistry registry https://registry.npmjs.org/
12 silly mapToRegistry uri https://registry.npmjs.org/flow-bin
13 verbose request uri https://registry.npmjs.org/flow-bin
14 verbose request no auth needed
15 info attempt registry request try #1 at 2:00:47 PM
16 verbose request id d7451b6e45860927
17 verbose etag W/"7a210504ffe9d8c3e92d96ff7e9164fc"
18 verbose lastModified Fri, 26 Jul 2019 20:12:53 GMT
19 http request GET https://registry.npmjs.org/flow-bin
20 http 304 https://registry.npmjs.org/flow-bin
21 verbose headers { date: 'Sat, 03 Aug 2019 18:01:03 GMT',
21 verbose headers   connection: 'keep-alive',
21 verbose headers   'set-cookie':
21 verbose headers    [ '__cfduid=d6cb20c22d2f0baa7d8024ae192a0ec261564855263; expires=Sun, 02-Aug-20 18:01:03 GMT; path=/; domain=.npmjs.org; HttpOnly' ],
21 verbose headers   'cf-cache-status': 'HIT',
21 verbose headers   'cache-control': 'max-age=300',
21 verbose headers   'cf-ray': '500a31d41b1cab5e-YYZ',
21 verbose headers   age: '162',
21 verbose headers   etag: '"7a210504ffe9d8c3e92d96ff7e9164fc"',
21 verbose headers   'expect-ct': 'max-age=604800, report-uri="https://report-uri.cloudflare.com/cdn-cgi/beacon/expect-ct"',
21 verbose headers   'last-modified': 'Fri, 26 Jul 2019 20:12:53 GMT',
21 verbose headers   vary: 'accept-encoding, accept',
21 verbose headers   'x-amz-meta-rev': '218-907c82aec23b0f181e83ead6110d6f60',
21 verbose headers   server: 'cloudflare' }
22 silly get cb [ 304,
22 silly get   { date: 'Sat, 03 Aug 2019 18:01:03 GMT',
22 silly get     connection: 'keep-alive',
22 silly get     'set-cookie':
22 silly get      [ '__cfduid=d6cb20c22d2f0baa7d8024ae192a0ec261564855263; expires=Sun, 02-Aug-20 18:01:03 GMT; path=/; domain=.npmjs.org; HttpOnly' ],
22 silly get     'cf-cache-status': 'HIT',
22 silly get     'cache-control': 'max-age=300',
22 silly get     'cf-ray': '500a31d41b1cab5e-YYZ',
22 silly get     age: '162',
22 silly get     etag: '"7a210504ffe9d8c3e92d96ff7e9164fc"',
22 silly get     'expect-ct': 'max-age=604800, report-uri="https://report-uri.cloudflare.com/cdn-cgi/beacon/expect-ct"',
22 silly get     'last-modified': 'Fri, 26 Jul 2019 20:12:53 GMT',
22 silly get     vary: 'accept-encoding, accept',
22 silly get     'x-amz-meta-rev': '218-907c82aec23b0f181e83ead6110d6f60',
22 silly get     server: 'cloudflare' } ]
23 verbose etag https://registry.npmjs.org/flow-bin from cache
24 verbose get saving flow-bin to /home/tobi/.npm/registry.npmjs.org/flow-bin/.cache.json
25 silly install normalizeTree
26 silly loadCurrentTree Finishing
27 silly loadIdealTree Starting
28 silly install loadIdealTree
29 silly cloneCurrentTree Starting
30 silly install cloneCurrentTreeToIdealTree
31 silly cloneCurrentTree Finishing
32 silly loadShrinkwrap Starting
33 silly install loadShrinkwrap
34 silly loadShrinkwrap Finishing
35 silly loadAllDepsIntoIdealTree Starting
36 silly install loadAllDepsIntoIdealTree
37 silly resolveWithNewModule flow-bin@0.104.0 checking installable status
38 silly cache add args [ 'flow-bin', null ]
39 verbose cache add spec flow-bin
40 silly cache add parsed spec Result {
40 silly cache add   raw: 'flow-bin',
40 silly cache add   scope: null,
40 silly cache add   name: 'flow-bin',
40 silly cache add   rawSpec: '',
40 silly cache add   spec: 'latest',
40 silly cache add   type: 'tag' }
41 silly addNamed flow-bin@latest
42 verbose addNamed "latest" is being treated as a dist-tag for flow-bin
43 info addNameTag [ 'flow-bin', 'latest' ]
44 silly mapToRegistry name flow-bin
45 silly mapToRegistry using default registry
46 silly mapToRegistry registry https://registry.npmjs.org/
47 silly mapToRegistry uri https://registry.npmjs.org/flow-bin
48 verbose addNameTag registry:https://registry.npmjs.org/flow-bin not in flight; fetching
49 verbose get https://registry.npmjs.org/flow-bin not expired, no request
50 silly addNameTag next cb for flow-bin with tag latest
51 silly addNamed flow-bin@0.104.0
52 verbose addNamed "0.104.0" is a plain semver version for flow-bin
53 silly cache afterAdd flow-bin@0.104.0
54 verbose afterAdd /home/tobi/.npm/flow-bin/0.104.0/package/package.json not in flight; writing
55 verbose afterAdd /home/tobi/.npm/flow-bin/0.104.0/package/package.json written
56 silly loadAllDepsIntoIdealTree Finishing
57 silly idealTree:prePrune lib
57 silly idealTree:prePrune └── flow-bin@0.104.0
58 silly loadIdealTree Finishing
59 silly currentTree lib
59 silly currentTree └── flow-bin@0.104.0
60 silly idealTree lib
60 silly idealTree └── flow-bin@0.104.0
61 silly generateActionsToTake Starting
62 silly install generateActionsToTake
63 warn checkPermissions Missing write access to /usr/local/lib/node_modules/flow-bin
64 silly rollbackFailedOptional Starting
65 silly rollbackFailedOptional Finishing
66 silly runTopLevelLifecycles Starting
67 silly runTopLevelLifecycles Finishing
68 silly install printInstalled
69 verbose stack Error: EACCES: permission denied, access '/usr/local/lib/node_modules/flow-bin'
70 verbose cwd /mnt/c/Users/tobi/Documents/Code/fokus
71 error Linux 4.4.0-18362-Microsoft
72 error argv "/usr/bin/node" "/usr/bin/npm" "install" "-g" "flow-bin"
73 error node v8.10.0
74 error npm  v3.5.2
75 error path /usr/local/lib/node_modules/flow-bin
76 error code EACCES
77 error errno -13
78 error syscall access
79 error Error: EACCES: permission denied, access '/usr/local/lib/node_modules/flow-bin'
79 error  { Error: EACCES: permission denied, access '/usr/local/lib/node_modules/flow-bin'
79 error   errno: -13,
79 error   code: 'EACCES',
79 error   syscall: 'access',
79 error   path: '/usr/local/lib/node_modules/flow-bin' }
80 error Please try running this command again as root/Administrator.
81 verbose exit [ -13, true ]
